c:\users\sagar\desktop\dos_attack_v12.1\dos_attack_internetwork\src\simulation\tcp\x64\debug\vc142.pdb
c:\users\sagar\desktop\dos_attack_v12.1\dos_attack_internetwork\src\simulation\tcp\x64\debug\vc142.idb
c:\users\sagar\desktop\dos_attack_v12.1\dos_attack_internetwork\src\simulation\tcp\x64\debug\windowscale.obj
c:\users\sagar\desktop\dos_attack_v12.1\dos_attack_internetwork\src\simulation\tcp\x64\debug\tcp_test.obj
c:\users\sagar\desktop\dos_attack_v12.1\dos_attack_internetwork\src\simulation\tcp\x64\debug\tcp_socket.obj
c:\users\sagar\desktop\dos_attack_v12.1\dos_attack_internetwork\src\simulation\tcp\x64\debug\tcp_packet.obj
c:\users\sagar\desktop\dos_attack_v12.1\dos_attack_internetwork\src\simulation\tcp\x64\debug\tcp_outgoing.obj
c:\users\sagar\desktop\dos_attack_v12.1\dos_attack_internetwork\src\simulation\tcp\x64\debug\tcp_networkinterface.obj
c:\users\sagar\desktop\dos_attack_v12.1\dos_attack_internetwork\src\simulation\tcp\x64\debug\tcp_incoming.obj
c:\users\sagar\desktop\dos_attack_v12.1\dos_attack_internetwork\src\simulation\tcp\x64\debug\tcp_enum.obj
c:\users\sagar\desktop\dos_attack_v12.1\dos_attack_internetwork\src\simulation\tcp\x64\debug\tcp_connection.obj
c:\users\sagar\desktop\dos_attack_v12.1\dos_attack_internetwork\src\simulation\tcp\x64\debug\tcp_applicationinterface.obj
c:\users\sagar\desktop\dos_attack_v12.1\dos_attack_internetwork\src\simulation\tcp\x64\debug\tcp.obj
c:\users\sagar\desktop\dos_attack_v12.1\dos_attack_internetwork\src\simulation\tcp\x64\debug\tcb.obj
c:\users\sagar\desktop\dos_attack_v12.1\dos_attack_internetwork\src\simulation\tcp\x64\debug\syn_flood.obj
c:\users\sagar\desktop\dos_attack_v12.1\dos_attack_internetwork\src\simulation\tcp\x64\debug\sack.obj
c:\users\sagar\desktop\dos_attack_v12.1\dos_attack_internetwork\src\simulation\tcp\x64\debug\rto.obj
c:\users\sagar\desktop\dos_attack_v12.1\dos_attack_internetwork\src\simulation\tcp\x64\debug\delayedack.obj
c:\users\sagar\desktop\dos_attack_v12.1\dos_attack_internetwork\src\simulation\tcp\x64\debug\cubic.obj
c:\users\sagar\desktop\dos_attack_v12.1\dos_attack_internetwork\src\simulation\tcp\x64\debug\congestion.obj
c:\users\sagar\desktop\dos_attack_v12.1\dos_attack_internetwork\bin\bin_x64\libtcp.dll
c:\users\sagar\desktop\dos_attack_v12.1\dos_attack_internetwork\bin\bin_x64\tcp.pdb
c:\users\sagar\desktop\dos_attack_v12.1\dos_attack_internetwork\src\simulation\lib_x64\libtcp.lib
c:\users\sagar\desktop\dos_attack_v12.1\dos_attack_internetwork\src\simulation\lib_x64\libtcp.exp
c:\users\sagar\desktop\dos_attack_v12.1\dos_attack_internetwork\src\simulation\tcp\x64\debug\tcp.tlog\cl.command.1.tlog
c:\users\sagar\desktop\dos_attack_v12.1\dos_attack_internetwork\src\simulation\tcp\x64\debug\tcp.tlog\cl.read.1.tlog
c:\users\sagar\desktop\dos_attack_v12.1\dos_attack_internetwork\src\simulation\tcp\x64\debug\tcp.tlog\cl.write.1.tlog
c:\users\sagar\desktop\dos_attack_v12.1\dos_attack_internetwork\src\simulation\tcp\x64\debug\tcp.tlog\link.command.1.tlog
c:\users\sagar\desktop\dos_attack_v12.1\dos_attack_internetwork\src\simulation\tcp\x64\debug\tcp.tlog\link.read.1.tlog
c:\users\sagar\desktop\dos_attack_v12.1\dos_attack_internetwork\src\simulation\tcp\x64\debug\tcp.tlog\link.write.1.tlog
c:\users\sagar\desktop\dos_attack_v12.1\dos_attack_internetwork\src\simulation\tcp\x64\debug\tcp.tlog\tcp.write.1u.tlog
